<?xml version="1.0" encoding="UTF-8"?>
<!-- Generated by org.testng.reporters.JUnitXMLReporter -->
<testsuite hostname="DESKTOP-5P74EC3" ignored="0" name="Test Node1" tests="12" failures="0" timestamp="2020-10-28T17:33:12 IST" time="440.521" errors="0">
  <testcase name="TestOne" time="65.49" classname="testCases.TestCar"/>
  <testcase name="testOne" time="75.526" classname="testCases.TestHome"/>
  <testcase name="TestOne" time="73.398" classname="testCases.TestCar"/>
  <testcase name="testOne" time="84.184" classname="testCases.TestHome"/>
  <testcase name="TestOne" time="67.328" classname="testCases.TestCar"/>
  <testcase name="testOne" time="81.665" classname="testCases.TestHome"/>
  <testcase name="TestTwo" time="68.188" classname="testCases.TestCar"/>
  <testcase name="testTwo" time="68.028" classname="testCases.TestHome"/>
  <testcase name="TestTwo" time="86.186" classname="testCases.TestCar"/>
  <testcase name="testTwo" time="75.517" classname="testCases.TestHome"/>
  <testcase name="TestTwo" time="54.219" classname="testCases.TestCar"/>
  <testcase name="testTwo" time="53.733" classname="testCases.TestHome"/>
</testsuite> <!-- Test Node1 -->
