<?xml version="1.0" encoding="UTF-8"?>
<testng-results skipped="0" failed="0" ignored="0" total="12" passed="12">
  <reporter-output>
  </reporter-output>
  <suite name="Multiple Test Suites" duration-ms="440521" started-at="2020-10-28T17:25:52 IST" finished-at="2020-10-28T17:33:12 IST">
    <groups>
    </groups>
    <test name="Test Node1" duration-ms="440521" started-at="2020-10-28T17:25:52 IST" finished-at="2020-10-28T17:33:12 IST">
      <class name="testCases.TestHome">
        <test-method status="PASS" signature="getStarted()[pri:0, instance:testCases.TestHome@279fedbd]" name="getStarted" is-config="true" duration-ms="6" started-at="2020-10-28T17:25:52 IST" finished-at="2020-10-28T17:25:52 IST">
          <reporter-output>
          </reporter-output>
        </test-method> <!-- getStarted -->
        <test-method status="PASS" signature="testOne(java.util.Hashtable)[pri:1, instance:testCases.TestHome@279fedbd]" name="testOne" duration-ms="75526" started-at="2020-10-28T17:25:52 IST" data-provider="getDataTestOne" finished-at="2020-10-28T17:27:08 IST">
          <params>
            <param index="0">
              <value>
                <![CDATA[{Rate=9.5, Tenure=5.0, Principal=2500000.0}]]>
              </value>
            </param>
          </params>
          <reporter-output>
          </reporter-output>
        </test-method> <!-- testOne -->
        <test-method status="PASS" signature="getStarted()[pri:0, instance:testCases.TestHome@279fedbd]" name="getStarted" is-config="true" duration-ms="2" started-at="2020-10-28T17:27:08 IST" finished-at="2020-10-28T17:27:08 IST">
          <reporter-output>
          </reporter-output>
        </test-method> <!-- getStarted -->
        <test-method status="PASS" signature="testOne(java.util.Hashtable)[pri:1, instance:testCases.TestHome@279fedbd]" name="testOne" duration-ms="84184" started-at="2020-10-28T17:27:08 IST" data-provider="getDataTestOne" finished-at="2020-10-28T17:28:32 IST">
          <params>
            <param index="0">
              <value>
                <![CDATA[{Rate=12.0, Tenure=8.0, Principal=5000000.0}]]>
              </value>
            </param>
          </params>
          <reporter-output>
          </reporter-output>
        </test-method> <!-- testOne -->
        <test-method status="PASS" signature="getStarted()[pri:0, instance:testCases.TestHome@279fedbd]" name="getStarted" is-config="true" duration-ms="2" started-at="2020-10-28T17:28:32 IST" finished-at="2020-10-28T17:28:32 IST">
          <reporter-output>
          </reporter-output>
        </test-method> <!-- getStarted -->
        <test-method status="PASS" signature="testOne(java.util.Hashtable)[pri:1, instance:testCases.TestHome@279fedbd]" name="testOne" duration-ms="81665" started-at="2020-10-28T17:28:32 IST" data-provider="getDataTestOne" finished-at="2020-10-28T17:29:54 IST">
          <params>
            <param index="0">
              <value>
                <![CDATA[{Rate=15.0, Tenure=12.0, Principal=7500000.0}]]>
              </value>
            </param>
          </params>
          <reporter-output>
          </reporter-output>
        </test-method> <!-- testOne -->
        <test-method status="PASS" signature="testTwo(java.util.Hashtable)[pri:2, instance:testCases.TestHome@279fedbd]" name="testTwo" duration-ms="68028" started-at="2020-10-28T17:29:54 IST" data-provider="getDataTestTwo" finished-at="2020-10-28T17:31:02 IST">
          <params>
            <param index="0">
              <value>
                <![CDATA[{Rate=9.5, Tenure=6.0, Principal=2000000.0}]]>
              </value>
            </param>
          </params>
          <reporter-output>
          </reporter-output>
        </test-method> <!-- testTwo -->
        <test-method status="PASS" signature="getStarted()[pri:0, instance:testCases.TestHome@279fedbd]" name="getStarted" is-config="true" duration-ms="0" started-at="2020-10-28T17:29:54 IST" finished-at="2020-10-28T17:29:54 IST">
          <reporter-output>
          </reporter-output>
        </test-method> <!-- getStarted -->
        <test-method status="PASS" signature="testTwo(java.util.Hashtable)[pri:2, instance:testCases.TestHome@279fedbd]" name="testTwo" duration-ms="75517" started-at="2020-10-28T17:31:02 IST" data-provider="getDataTestTwo" finished-at="2020-10-28T17:32:17 IST">
          <params>
            <param index="0">
              <value>
                <![CDATA[{Rate=15.0, Tenure=8.0, Principal=7000000.0}]]>
              </value>
            </param>
          </params>
          <reporter-output>
          </reporter-output>
        </test-method> <!-- testTwo -->
        <test-method status="PASS" signature="getStarted()[pri:0, instance:testCases.TestHome@279fedbd]" name="getStarted" is-config="true" duration-ms="0" started-at="2020-10-28T17:31:02 IST" finished-at="2020-10-28T17:31:02 IST">
          <reporter-output>
          </reporter-output>
        </test-method> <!-- getStarted -->
        <test-method status="PASS" signature="testTwo(java.util.Hashtable)[pri:2, instance:testCases.TestHome@279fedbd]" name="testTwo" duration-ms="53733" started-at="2020-10-28T17:32:17 IST" data-provider="getDataTestTwo" finished-at="2020-10-28T17:33:11 IST">
          <params>
            <param index="0">
              <value>
                <![CDATA[{Rate=12.5, Tenure=10.0, Principal=9500000.0}]]>
              </value>
            </param>
          </params>
          <reporter-output>
          </reporter-output>
        </test-method> <!-- testTwo -->
        <test-method status="PASS" signature="getStarted()[pri:0, instance:testCases.TestHome@279fedbd]" name="getStarted" is-config="true" duration-ms="0" started-at="2020-10-28T17:32:17 IST" finished-at="2020-10-28T17:32:17 IST">
          <reporter-output>
          </reporter-output>
        </test-method> <!-- getStarted -->
        <test-method status="PASS" signature="endReport()[pri:0, instance:testCases.TestHome@279fedbd]" name="endReport" is-config="true" duration-ms="220" started-at="2020-10-28T17:33:12 IST" finished-at="2020-10-28T17:33:12 IST">
          <reporter-output>
          </reporter-output>
        </test-method> <!-- endReport -->
      </class> <!-- testCases.TestHome -->
      <class name="testCases.TestCar">
        <test-method status="PASS" signature="TestOne(java.util.Hashtable)[pri:1, instance:testCases.TestCar@752325ad]" name="TestOne" duration-ms="65490" started-at="2020-10-28T17:25:52 IST" data-provider="getDataTestOne" finished-at="2020-10-28T17:26:58 IST">
          <params>
            <param index="0">
              <value>
                <![CDATA[{Rate=7.0, Tenure=3.0, Principal=100000.0}]]>
              </value>
            </param>
          </params>
          <reporter-output>
          </reporter-output>
        </test-method> <!-- TestOne -->
        <test-method status="PASS" signature="TestOne(java.util.Hashtable)[pri:1, instance:testCases.TestCar@752325ad]" name="TestOne" duration-ms="73398" started-at="2020-10-28T17:26:58 IST" data-provider="getDataTestOne" finished-at="2020-10-28T17:28:11 IST">
          <params>
            <param index="0">
              <value>
                <![CDATA[{Rate=7.5, Tenure=4.0, Principal=700000.0}]]>
              </value>
            </param>
          </params>
          <reporter-output>
          </reporter-output>
        </test-method> <!-- TestOne -->
        <test-method status="PASS" signature="TestOne(java.util.Hashtable)[pri:1, instance:testCases.TestCar@752325ad]" name="TestOne" duration-ms="67328" started-at="2020-10-28T17:28:11 IST" data-provider="getDataTestOne" finished-at="2020-10-28T17:29:19 IST">
          <params>
            <param index="0">
              <value>
                <![CDATA[{Rate=8.0, Tenure=5.0, Principal=900000.0}]]>
              </value>
            </param>
          </params>
          <reporter-output>
          </reporter-output>
        </test-method> <!-- TestOne -->
        <test-method status="PASS" signature="TestTwo(java.util.Hashtable)[pri:2, instance:testCases.TestCar@752325ad]" name="TestTwo" duration-ms="68188" started-at="2020-10-28T17:29:19 IST" data-provider="getDataTestTwo" finished-at="2020-10-28T17:30:27 IST">
          <params>
            <param index="0">
              <value>
                <![CDATA[{Rate=9.5, Tenure=1.0, Principal=1500000.0}]]>
              </value>
            </param>
          </params>
          <reporter-output>
          </reporter-output>
        </test-method> <!-- TestTwo -->
        <test-method status="PASS" signature="TestTwo(java.util.Hashtable)[pri:2, instance:testCases.TestCar@752325ad]" name="TestTwo" duration-ms="86186" started-at="2020-10-28T17:30:27 IST" data-provider="getDataTestTwo" finished-at="2020-10-28T17:31:53 IST">
          <params>
            <param index="0">
              <value>
                <![CDATA[{Rate=8.0, Tenure=4.0, Principal=400000.0}]]>
              </value>
            </param>
          </params>
          <reporter-output>
          </reporter-output>
        </test-method> <!-- TestTwo -->
        <test-method status="PASS" signature="TestTwo(java.util.Hashtable)[pri:2, instance:testCases.TestCar@752325ad]" name="TestTwo" duration-ms="54219" started-at="2020-10-28T17:31:53 IST" data-provider="getDataTestTwo" finished-at="2020-10-28T17:32:47 IST">
          <params>
            <param index="0">
              <value>
                <![CDATA[{Rate=12.5, Tenure=6.0, Principal=900000.0}]]>
              </value>
            </param>
          </params>
          <reporter-output>
          </reporter-output>
        </test-method> <!-- TestTwo -->
        <test-method status="PASS" signature="endReport()[pri:0, instance:testCases.TestCar@752325ad]" name="endReport" is-config="true" duration-ms="762" started-at="2020-10-28T17:33:11 IST" finished-at="2020-10-28T17:33:12 IST">
          <reporter-output>
          </reporter-output>
        </test-method> <!-- endReport -->
      </class> <!-- testCases.TestCar -->
    </test> <!-- Test Node1 -->
  </suite> <!-- Multiple Test Suites -->
</testng-results>
